<?xml version="1.0" encoding="UTF-8"?>
<testsuite xmlns:xsi="http://www.w3.org/2001/XMLSchema-instance" xsi:noNamespaceSchemaLocation="https://maven.apache.org/surefire/maven-surefire-plugin/xsd/surefire-test-report.xsd" name="org.mall.RedisTests" time="4.72" tests="1" errors="1" skipped="0" failures="0">
  <properties>
[...]
</properties>
  <testcase name="contextLoads" classname="org.mall.RedisTests" time="4.7">
    <error message="Unable to connect to Redis; nested exception is io.lettuce.core.RedisConnectionException: Unable to connect to 127.0.0.1:6390" type="org.springframework.data.redis.RedisConnectionFailureException">org.springframework.data.redis.RedisConnectionFailureException: Unable to connect to Redis; nested exception is io.lettuce.core.RedisConnectionException: Unable to connect to 127.0.0.1:6390
	at org.mall.RedisTests.contextLoads(RedisTests.java:19)
Caused by: io.lettuce.core.RedisConnectionException: Unable to connect to 127.0.0.1:6390
	at org.mall.RedisTests.contextLoads(RedisTests.java:19)
Caused by: io.netty.channel.AbstractChannel$AnnotatedConnectException: Connection refused: no further information: /127.0.0.1:6390
Caused by: java.net.ConnectException: Connection refused: no further information
</error>
    <system-out><![CDATA[2020-07-25 10:49:19.737  INFO 21912 --- [           main] .b.t.c.SpringBootTestContextBootstrapper : Neither @ContextConfiguration nor @ContextHierarchy found for test class [org.mall.RedisTests], using SpringBootContextLoader
2020-07-25 10:49:19.737  INFO 21912 --- [           main] o.s.t.c.support.AbstractContextLoader    : Could not detect default resource locations for test class [org.mall.RedisTests]: no resource found for suffixes {-context.xml, Context.groovy}.
2020-07-25 10:49:19.738  INFO 21912 --- [           main] t.c.s.AnnotationConfigContextLoaderUtils : Could not detect default configuration classes for test class [org.mall.RedisTests]: RedisTests does not declare any static, non-private, non-final, nested classes annotated with @Configuration.
2020-07-25 10:49:19.740  INFO 21912 --- [           main] .b.t.c.SpringBootTestContextBootstrapper : Found @SpringBootConfiguration org.mall.MallApplication for test class org.mall.RedisTests
2020-07-25 10:49:19.743  INFO 21912 --- [           main] .b.t.c.SpringBootTestContextBootstrapper : Loaded default TestExecutionListener class names from location [META-INF/spring.factories]: [org.springframework.boot.test.mock.mockito.MockitoTestExecutionListener, org.springframework.boot.test.mock.mockito.ResetMocksTestExecutionListener, org.springframework.boot.test.autoconfigure.restdocs.RestDocsTestExecutionListener, org.springframework.boot.test.autoconfigure.web.client.MockRestServiceServerResetTestExecutionListener, org.springframework.boot.test.autoconfigure.web.servlet.MockMvcPrintOnlyOnFailureTestExecutionListener, org.springframework.boot.test.autoconfigure.web.servlet.WebDriverTestExecutionListener, org.springframework.test.context.web.ServletTestExecutionListener, org.springframework.test.context.support.DirtiesContextBeforeModesTestExecutionListener, org.springframework.test.context.support.DependencyInjectionTestExecutionListener, org.springframework.test.context.support.DirtiesContextTestExecutionListener, org.springframework.test.context.transaction.TransactionalTestExecutionListener, org.springframework.test.context.jdbc.SqlScriptsTestExecutionListener]
2020-07-25 10:49:19.744  INFO 21912 --- [           main] .b.t.c.SpringBootTestContextBootstrapper : Using TestExecutionListeners: [org.springframework.test.context.web.ServletTestExecutionListener@6eda012b, org.springframework.test.context.support.DirtiesContextBeforeModesTestExecutionListener@781dbe44, org.springframework.boot.test.mock.mockito.MockitoTestExecutionListener@7d66a126, org.springframework.boot.test.autoconfigure.SpringBootDependencyInjectionTestExecutionListener@1132baa3, org.springframework.test.context.support.DirtiesContextTestExecutionListener@2fdf22f7, org.springframework.test.context.transaction.TransactionalTestExecutionListener@3a2546d6, org.springframework.test.context.jdbc.SqlScriptsTestExecutionListener@7282af25, org.springframework.boot.test.mock.mockito.ResetMocksTestExecutionListener@7661e474, org.springframework.boot.test.autoconfigure.restdocs.RestDocsTestExecutionListener@20ffb8d5, org.springframework.boot.test.autoconfigure.web.client.MockRestServiceServerResetTestExecutionListener@307c59ea, org.springframework.boot.test.autoconfigure.web.servlet.MockMvcPrintOnlyOnFailureTestExecutionListener@57e03347, org.springframework.boot.test.autoconfigure.web.servlet.WebDriverTestExecutionListener@2edb2f8b]
2020-07-25 10:49:19.940  INFO 21912 --- [           main] io.lettuce.core.EpollProvider            : Starting without optional epoll library
2020-07-25 10:49:19.944  INFO 21912 --- [           main] io.lettuce.core.KqueueProvider           : Starting without optional kqueue library
]]></system-out>
  </testcase>
</testsuite>